<?xml version="1.0" encoding="utf-8"?><testsuites name="pytest tests"><testsuite name="pytest" errors="0" failures="0" skipped="0" tests="20" time="14.886" timestamp="2026-07-02T21:28:22.152902+00:00" hostname="agent-env-27705287-0ddc-4ba9-be08-9a78a3c87ac4"><testcase classname="backend.tests.test_iteration7_features" name="test_health" time="0.123" /><testcase classname="backend.tests.test_iteration7_features" name="test_admin_stats" time="0.435" /><testcase classname="backend.tests.test_iteration7_features" name="test_admin_users_search" time="0.091" /><testcase classname="backend.tests.test_iteration7_features" name="test_admin_non_admin_forbidden" time="0.415" /><testcase classname="backend.tests.test_iteration7_features" name="test_admin_get_config" time="0.102" /><testcase classname="backend.tests.test_iteration7_features" name="test_admin_market_list" time="0.118" /><testcase classname="backend.tests.test_iteration7_features" name="test_admin_ban_and_login_blocked" time="0.868" /><testcase classname="backend.tests.test_iteration7_features" name="test_admin_restrict_and_moment_blocked" time="0.630" /><testcase classname="backend.tests.test_iteration7_features" name="test_admin_set_coins" time="0.103" /><testcase classname="backend.tests.test_iteration7_features" name="test_admin_grant_and_revoke_vip" time="0.197" /><testcase classname="backend.tests.test_iteration7_features" name="test_market_catalog_has_animated_frames" time="0.413" /><testcase classname="backend.tests.test_iteration7_features" name="test_admin_disable_item_hides_it" time="0.742" /><testcase classname="backend.tests.test_iteration7_features" name="test_visitors_free_user_locked" time="1.640" /><testcase classname="backend.tests.test_iteration7_features" name="test_translate_free_user_limit_and_vip_unlimited" time="1.597" /><testcase classname="backend.tests.test_iteration7_features" name="test_free_user_room_cap" time="0.621" /><testcase classname="backend.tests.test_iteration7_features" name="test_hide_moments_toggle_filters_feed" time="2.026" /><testcase classname="backend.tests.test_iteration7_features" name="test_block_user_prevents_messaging" time="1.150" /><testcase classname="backend.tests.test_iteration7_features" name="test_chat_mute_endpoint_exists" time="1.003" /><testcase classname="backend.tests.test_iteration7_features" name="test_chat_clear_history_endpoint_exists" time="1.251" /><testcase classname="backend.tests.test_iteration7_features" name="test_regression_login_and_feeds" time="1.294" /></testsuite></testsuites>