<?xml version="1.0" encoding="utf-8"?><testsuites name="pytest tests"><testsuite name="pytest" errors="0" failures="0" skipped="0" tests="9" time="7.572" timestamp="2026-07-02T21:28:08.984286+00:00" hostname="agent-env-27705287-0ddc-4ba9-be08-9a78a3c87ac4"><testcase classname="backend.tests.test_iteration8_features" name="test_chats_list_returns_partner_flags_and_in_voice_room" time="1.342" /><testcase classname="backend.tests.test_iteration8_features" name="test_chats_list_partner_has_vip_and_frame_fields" time="1.002" /><testcase classname="backend.tests.test_iteration8_features" name="test_partners_filter_by_age_range" time="0.418" /><testcase classname="backend.tests.test_iteration8_features" name="test_partners_filter_by_location_case_insensitive" time="0.425" /><testcase classname="backend.tests.test_iteration8_features" name="test_partners_filter_combines_age_location_gender" time="0.453" /><testcase classname="backend.tests.test_iteration8_features" name="test_partners_no_filter_still_works" time="0.449" /><testcase classname="backend.tests.test_iteration8_features" name="test_mute_toggle_and_partner_unread_not_incremented" time="1.186" /><testcase classname="backend.tests.test_iteration8_features" name="test_clear_history_wipes_messages_and_last_message" time="1.494" /><testcase classname="backend.tests.test_iteration8_features" name="test_regression_core_endpoints" time="0.726" /></testsuite></testsuites>